<?xml version="1.0" encoding="UTF-8"?>
<testng-results skipped="0" failed="0" ignored="0" total="6" passed="6">
  <reporter-output>
  </reporter-output>
  <suite name="Default suite" duration-ms="188" started-at="2021-09-17T09:14:28 IST" finished-at="2021-09-17T09:14:28 IST">
    <groups>
    </groups>
    <test name="Default test" duration-ms="188" started-at="2021-09-17T09:14:28 IST" finished-at="2021-09-17T09:14:28 IST">
      <class name="com.sgtesting.selenium.TestNG.TestNGDemo1">
        <test-method status="PASS" signature="launchBrowser()[pri:1, instance:com.sgtesting.selenium.TestNG.TestNGDemo1@46daef40]" name="launchBrowser" duration-ms="60" started-at="2021-09-17T09:14:28 IST" finished-at="2021-09-17T09:14:28 IST">
          <reporter-output>
          </reporter-output>
        </test-method> <!-- launchBrowser -->
        <test-method status="PASS" signature="navigate()[pri:2, instance:com.sgtesting.selenium.TestNG.TestNGDemo1@46daef40]" name="navigate" duration-ms="15" started-at="2021-09-17T09:14:28 IST" finished-at="2021-09-17T09:14:28 IST">
          <reporter-output>
          </reporter-output>
        </test-method> <!-- navigate -->
        <test-method status="PASS" signature="login(java.lang.String,java.lang.String)[pri:3, instance:com.sgtesting.selenium.TestNG.TestNGDemo1@46daef40]" name="login" duration-ms="7" started-at="2021-09-17T09:14:28 IST" data-provider="getLoginData" finished-at="2021-09-17T09:14:28 IST">
          <params>
            <param index="0">
              <value>
                <![CDATA[admin]]>
              </value>
            </param>
            <param index="1">
              <value>
                <![CDATA[manager]]>
              </value>
            </param>
          </params>
          <reporter-output>
          </reporter-output>
        </test-method> <!-- login -->
        <test-method status="PASS" signature="login(java.lang.String,java.lang.String)[pri:3, instance:com.sgtesting.selenium.TestNG.TestNGDemo1@46daef40]" name="login" duration-ms="12" started-at="2021-09-17T09:14:28 IST" data-provider="getLoginData" finished-at="2021-09-17T09:14:28 IST">
          <params>
            <param index="0">
              <value>
                <![CDATA[admin]]>
              </value>
            </param>
            <param index="1">
              <value>
                <![CDATA[manager]]>
              </value>
            </param>
          </params>
          <reporter-output>
          </reporter-output>
        </test-method> <!-- login -->
        <test-method status="PASS" signature="login(java.lang.String,java.lang.String)[pri:3, instance:com.sgtesting.selenium.TestNG.TestNGDemo1@46daef40]" name="login" duration-ms="7" started-at="2021-09-17T09:14:28 IST" data-provider="getLoginData" finished-at="2021-09-17T09:14:28 IST">
          <params>
            <param index="0">
              <value>
                <![CDATA[admin]]>
              </value>
            </param>
            <param index="1">
              <value>
                <![CDATA[manager]]>
              </value>
            </param>
          </params>
          <reporter-output>
          </reporter-output>
        </test-method> <!-- login -->
        <test-method status="PASS" signature="closeApplication()[pri:4, instance:com.sgtesting.selenium.TestNG.TestNGDemo1@46daef40]" name="closeApplication" duration-ms="4" started-at="2021-09-17T09:14:28 IST" finished-at="2021-09-17T09:14:28 IST">
          <reporter-output>
          </reporter-output>
        </test-method> <!-- closeApplication -->
      </class> <!-- com.sgtesting.selenium.TestNG.TestNGDemo1 -->
    </test> <!-- Default test -->
  </suite> <!-- Default suite -->
</testng-results>
