<?xml version="1.0" encoding="UTF-8"?>
<!-- Generated by org.testng.reporters.JUnitXMLReporter -->
<testsuite hostname="DESKTOP-F6HQBTU" ignored="0" name="Default test" tests="6" failures="0" timestamp="2021-09-17T09:14:28 IST" time="0.188" errors="0">
  <testcase name="launchBrowser" time="0.06" classname="com.sgtesting.selenium.TestNG.TestNGDemo1"/>
  <testcase name="navigate" time="0.015" classname="com.sgtesting.selenium.TestNG.TestNGDemo1"/>
  <testcase name="login" time="0.007" classname="com.sgtesting.selenium.TestNG.TestNGDemo1"/>
  <testcase name="login" time="0.012" classname="com.sgtesting.selenium.TestNG.TestNGDemo1"/>
  <testcase name="login" time="0.007" classname="com.sgtesting.selenium.TestNG.TestNGDemo1"/>
  <testcase name="closeApplication" time="0.004" classname="com.sgtesting.selenium.TestNG.TestNGDemo1"/>
</testsuite> <!-- Default test -->
